This file contains any messages produced by compilers while
running configure, to aid debugging if configure makes a mistake.

It was created by MobileComputationService configure 0.1, which was
generated by GNU Autoconf 2.63.  Invocation command line was

  $ ./configure --prefix=/home/zhengyang/local

## --------- ##
## Platform. ##
## --------- ##

hostname = dev161
uname -m = x86_64
uname -r = 2.6.32-358.el6.x86_64
uname -s = Linux
uname -v = #1 SMP Fri Feb 22 00:31:26 UTC 2013

/usr/bin/uname -p = unknown
/bin/uname -X     = unknown

/bin/arch              = x86_64
/usr/bin/arch -k       = unknown
/usr/convex/getsysinfo = unknown
/usr/bin/hostinfo      = unknown
/bin/machine           = unknown
/usr/bin/oslevel       = unknown
/bin/universe          = unknown

PATH: /usr/lib64/qt-3.3/bin
PATH: /usr/local/bin
PATH: /bin
PATH: /usr/bin
PATH: /usr/local/sbin
PATH: /usr/sbin
PATH: /sbin
PATH: /home/zhengyang/bin


## ----------- ##
## Core tests. ##
## ----------- ##

configure:1884: checking for a BSD-compatible install
configure:1952: result: /usr/bin/install -c
configure:1963: checking whether build environment is sane
configure:2023: result: yes
configure:2164: checking for a thread-safe mkdir -p
configure:2203: result: /bin/mkdir -p
configure:2216: checking for gawk
configure:2232: found /bin/gawk
configure:2243: result: gawk
configure:2254: checking whether make sets $(MAKE)
configure:2276: result: yes
configure:2430: checking for g++
configure:2446: found /usr/bin/g++
configure:2457: result: g++
configure:2484: checking for C++ compiler version
configure:2492: g++ --version >&5
g++ (GCC) 4.4.7 20120313 (Red Hat 4.4.7-3)
Copyright (C) 2010 Free Software Foundation, Inc.
This is free software; see the source for copying conditions.  There is NO
warranty; not even for MERCHANTABILITY or FITNESS FOR A PARTICULAR PURPOSE.

configure:2496: $? = 0
configure:2503: g++ -v >&5
Using built-in specs.
Target: x86_64-redhat-linux
Configured with: ../configure --prefix=/usr --mandir=/usr/share/man --infodir=/usr/share/info --with-bugurl=http://bugzilla.redhat.com/bugzilla --enable-bootstrap --enable-shared --enable-threads=posix --enable-checking=release --with-system-zlib --enable-__cxa_atexit --disable-libunwind-exceptions --enable-gnu-unique-object --enable-languages=c,c++,objc,obj-c++,java,fortran,ada --enable-java-awt=gtk --disable-dssi --with-java-home=/usr/lib/jvm/java-1.5.0-gcj-1.5.0.0/jre --enable-libgcj-multifile --enable-java-maintainer-mode --with-ecj-jar=/usr/share/java/eclipse-ecj.jar --disable-libjava-multilib --with-ppl --with-cloog --with-tune=generic --with-arch_32=i686 --build=x86_64-redhat-linux
Thread model: posix
gcc version 4.4.7 20120313 (Red Hat 4.4.7-3) (GCC) 
configure:2507: $? = 0
configure:2514: g++ -V >&5
g++: '-V' option must have argument
configure:2518: $? = 1
configure:2541: checking for C++ compiler default output file name
configure:2563: g++    conftest.cpp  >&5
configure:2567: $? = 0
configure:2605: result: a.out
configure:2624: checking whether the C++ compiler works
configure:2634: ./a.out
configure:2638: $? = 0
configure:2657: result: yes
configure:2664: checking whether we are cross compiling
configure:2666: result: no
configure:2669: checking for suffix of executables
configure:2676: g++ -o conftest    conftest.cpp  >&5
configure:2680: $? = 0
configure:2706: result: 
configure:2712: checking for suffix of object files
configure:2738: g++ -c   conftest.cpp >&5
configure:2742: $? = 0
configure:2767: result: o
configure:2771: checking whether we are using the GNU C++ compiler
configure:2800: g++ -c   conftest.cpp >&5
configure:2807: $? = 0
configure:2824: result: yes
configure:2833: checking whether g++ accepts -g
configure:2863: g++ -c -g  conftest.cpp >&5
configure:2870: $? = 0
configure:2971: result: yes
configure:3005: checking for style of include used by make
configure:3033: result: GNU
configure:3058: checking dependency style of g++
configure:3168: result: gcc3
configure:3231: checking for gcc
configure:3247: found /usr/bin/gcc
configure:3258: result: gcc
configure:3490: checking for C compiler version
configure:3498: gcc --version >&5
gcc (GCC) 4.4.7 20120313 (Red Hat 4.4.7-3)
Copyright (C) 2010 Free Software Foundation, Inc.
This is free software; see the source for copying conditions.  There is NO
warranty; not even for MERCHANTABILITY or FITNESS FOR A PARTICULAR PURPOSE.

configure:3502: $? = 0
configure:3509: gcc -v >&5
Using built-in specs.
Target: x86_64-redhat-linux
Configured with: ../configure --prefix=/usr --mandir=/usr/share/man --infodir=/usr/share/info --with-bugurl=http://bugzilla.redhat.com/bugzilla --enable-bootstrap --enable-shared --enable-threads=posix --enable-checking=release --with-system-zlib --enable-__cxa_atexit --disable-libunwind-exceptions --enable-gnu-unique-object --enable-languages=c,c++,objc,obj-c++,java,fortran,ada --enable-java-awt=gtk --disable-dssi --with-java-home=/usr/lib/jvm/java-1.5.0-gcj-1.5.0.0/jre --enable-libgcj-multifile --enable-java-maintainer-mode --with-ecj-jar=/usr/share/java/eclipse-ecj.jar --disable-libjava-multilib --with-ppl --with-cloog --with-tune=generic --with-arch_32=i686 --build=x86_64-redhat-linux
Thread model: posix
gcc version 4.4.7 20120313 (Red Hat 4.4.7-3) (GCC) 
configure:3513: $? = 0
configure:3520: gcc -V >&5
gcc: '-V' option must have argument
configure:3524: $? = 1
configure:3527: checking whether we are using the GNU C compiler
configure:3556: gcc -c   conftest.c >&5
configure:3563: $? = 0
configure:3580: result: yes
configure:3589: checking whether gcc accepts -g
configure:3619: gcc -c -g  conftest.c >&5
configure:3626: $? = 0
configure:3727: result: yes
configure:3744: checking for gcc option to accept ISO C89
configure:3818: gcc  -c -g -O2  conftest.c >&5
configure:3825: $? = 0
configure:3848: result: none needed
configure:3868: checking dependency style of gcc
configure:3978: result: gcc3
configure:4036: checking for ranlib
configure:4052: found /usr/bin/ranlib
configure:4063: result: ranlib
configure:4091: checking for pthread_create in -lpthread
configure:4126: gcc -o conftest -g -O2   conftest.c -lpthread   >&5
configure:4133: $? = 0
configure:4154: result: yes
configure:4172: checking how to run the C preprocessor
configure:4212: gcc -E  conftest.c
configure:4219: $? = 0
configure:4250: gcc -E  conftest.c
conftest.c:11:28: error: ac_nonexistent.h: No such file or directory
configure:4257: $? = 1
configure: failed program was:
| /* confdefs.h.  */
| #define PACKAGE_NAME "MobileComputationService"
| #define PACKAGE_TARNAME "mobilecomputationservice"
| #define PACKAGE_VERSION "0.1"
| #define PACKAGE_STRING "MobileComputationService 0.1"
| #define PACKAGE_BUGREPORT "www.taotaosou.com"
| #define PACKAGE "msc"
| #define VERSION "0.1"
| #define HAVE_LIBPTHREAD 1
| /* end confdefs.h.  */
| #include <ac_nonexistent.h>
configure:4290: result: gcc -E
configure:4319: gcc -E  conftest.c
configure:4326: $? = 0
configure:4357: gcc -E  conftest.c
conftest.c:11:28: error: ac_nonexistent.h: No such file or directory
configure:4364: $? = 1
configure: failed program was:
| /* confdefs.h.  */
| #define PACKAGE_NAME "MobileComputationService"
| #define PACKAGE_TARNAME "mobilecomputationservice"
| #define PACKAGE_VERSION "0.1"
| #define PACKAGE_STRING "MobileComputationService 0.1"
| #define PACKAGE_BUGREPORT "www.taotaosou.com"
| #define PACKAGE "msc"
| #define VERSION "0.1"
| #define HAVE_LIBPTHREAD 1
| /* end confdefs.h.  */
| #include <ac_nonexistent.h>
configure:4404: checking for grep that handles long lines and -e
configure:4464: result: /bin/grep
configure:4469: checking for egrep
configure:4533: result: /bin/grep -E
configure:4538: checking for ANSI C header files
configure:4568: gcc -c -g -O2  conftest.c >&5
configure:4575: $? = 0
configure:4674: gcc -o conftest -g -O2   conftest.c -lpthread  >&5
configure:4678: $? = 0
configure:4684: ./conftest
configure:4688: $? = 0
configure:4706: result: yes
configure:4730: checking for sys/types.h
configure:4751: gcc -c -g -O2  conftest.c >&5
configure:4758: $? = 0
configure:4775: result: yes
configure:4730: checking for sys/stat.h
configure:4751: gcc -c -g -O2  conftest.c >&5
configure:4758: $? = 0
configure:4775: result: yes
configure:4730: checking for stdlib.h
configure:4751: gcc -c -g -O2  conftest.c >&5
configure:4758: $? = 0
configure:4775: result: yes
configure:4730: checking for string.h
configure:4751: gcc -c -g -O2  conftest.c >&5
configure:4758: $? = 0
configure:4775: result: yes
configure:4730: checking for memory.h
configure:4751: gcc -c -g -O2  conftest.c >&5
configure:4758: $? = 0
configure:4775: result: yes
configure:4730: checking for strings.h
configure:4751: gcc -c -g -O2  conftest.c >&5
configure:4758: $? = 0
configure:4775: result: yes
configure:4730: checking for inttypes.h
configure:4751: gcc -c -g -O2  conftest.c >&5
configure:4758: $? = 0
configure:4775: result: yes
configure:4730: checking for stdint.h
configure:4751: gcc -c -g -O2  conftest.c >&5
configure:4758: $? = 0
configure:4775: result: yes
configure:4730: checking for unistd.h
configure:4751: gcc -c -g -O2  conftest.c >&5
configure:4758: $? = 0
configure:4775: result: yes
configure:4808: checking limits.h usability
configure:4825: gcc -c -g -O2  conftest.c >&5
configure:4832: $? = 0
configure:4846: result: yes
configure:4850: checking limits.h presence
configure:4865: gcc -E  conftest.c
configure:4872: $? = 0
configure:4886: result: yes
configure:4919: checking for limits.h
configure:4928: result: yes
configure:4797: checking for stdlib.h
configure:4804: result: yes
configure:4797: checking for string.h
configure:4804: result: yes
configure:4808: checking sys/time.h usability
configure:4825: gcc -c -g -O2  conftest.c >&5
configure:4832: $? = 0
configure:4846: result: yes
configure:4850: checking sys/time.h presence
configure:4865: gcc -E  conftest.c
configure:4872: $? = 0
configure:4886: result: yes
configure:4919: checking for sys/time.h
configure:4928: result: yes
configure:4945: checking for stdbool.h that conforms to C99
configure:5040: gcc -c -g -O2  conftest.c >&5
configure:5047: $? = 0
configure:5062: result: yes
configure:5064: checking for _Bool
configure:5092: gcc -c -g -O2  conftest.c >&5
configure:5099: $? = 0
configure:5126: gcc -c -g -O2  conftest.c >&5
conftest.c: In function 'main':
conftest.c:61: error: expected expression before ')' token
configure:5133: $? = 1
configure: failed program was:
| /* confdefs.h.  */
| #define PACKAGE_NAME "MobileComputationService"
| #define PACKAGE_TARNAME "mobilecomputationservice"
| #define PACKAGE_VERSION "0.1"
| #define PACKAGE_STRING "MobileComputationService 0.1"
| #define PACKAGE_BUGREPORT "www.taotaosou.com"
| #define PACKAGE "msc"
| #define VERSION "0.1"
| #define HAVE_LIBPTHREAD 1
| #define STDC_HEADERS 1
| #define HAVE_SYS_TYPES_H 1
| #define HAVE_SYS_STAT_H 1
| #define HAVE_STDLIB_H 1
| #define HAVE_STRING_H 1
| #define HAVE_MEMORY_H 1
| #define HAVE_STRINGS_H 1
| #define HAVE_INTTYPES_H 1
| #define HAVE_STDINT_H 1
| #define HAVE_UNISTD_H 1
| #define HAVE_LIMITS_H 1
| #define HAVE_STDLIB_H 1
| #define HAVE_STRING_H 1
| #define HAVE_SYS_TIME_H 1
| /* end confdefs.h.  */
| #include <stdio.h>
| #ifdef HAVE_SYS_TYPES_H
| # include <sys/types.h>
| #endif
| #ifdef HAVE_SYS_STAT_H
| # include <sys/stat.h>
| #endif
| #ifdef STDC_HEADERS
| # include <stdlib.h>
| # include <stddef.h>
| #else
| # ifdef HAVE_STDLIB_H
| #  include <stdlib.h>
| # endif
| #endif
| #ifdef HAVE_STRING_H
| # if !defined STDC_HEADERS && defined HAVE_MEMORY_H
| #  include <memory.h>
| # endif
| # include <string.h>
| #endif
| #ifdef HAVE_STRINGS_H
| # include <strings.h>
| #endif
| #ifdef HAVE_INTTYPES_H
| # include <inttypes.h>
| #endif
| #ifdef HAVE_STDINT_H
| # include <stdint.h>
| #endif
| #ifdef HAVE_UNISTD_H
| # include <unistd.h>
| #endif
| int
| main ()
| {
| if (sizeof ((_Bool)))
| 	  return 0;
|   ;
|   return 0;
| }
configure:5156: result: yes
configure:5175: checking for an ANSI C-conforming const
configure:5250: gcc -c -g -O2  conftest.c >&5
configure:5257: $? = 0
configure:5272: result: yes
configure:5282: checking for inline
configure:5308: gcc -c -g -O2  conftest.c >&5
configure:5315: $? = 0
configure:5333: result: inline
configure:5352: checking for size_t
configure:5380: gcc -c -g -O2  conftest.c >&5
configure:5387: $? = 0
configure:5414: gcc -c -g -O2  conftest.c >&5
conftest.c: In function 'main':
conftest.c:63: error: expected expression before ')' token
configure:5421: $? = 1
configure: failed program was:
| /* confdefs.h.  */
| #define PACKAGE_NAME "MobileComputationService"
| #define PACKAGE_TARNAME "mobilecomputationservice"
| #define PACKAGE_VERSION "0.1"
| #define PACKAGE_STRING "MobileComputationService 0.1"
| #define PACKAGE_BUGREPORT "www.taotaosou.com"
| #define PACKAGE "msc"
| #define VERSION "0.1"
| #define HAVE_LIBPTHREAD 1
| #define STDC_HEADERS 1
| #define HAVE_SYS_TYPES_H 1
| #define HAVE_SYS_STAT_H 1
| #define HAVE_STDLIB_H 1
| #define HAVE_STRING_H 1
| #define HAVE_MEMORY_H 1
| #define HAVE_STRINGS_H 1
| #define HAVE_INTTYPES_H 1
| #define HAVE_STDINT_H 1
| #define HAVE_UNISTD_H 1
| #define HAVE_LIMITS_H 1
| #define HAVE_STDLIB_H 1
| #define HAVE_STRING_H 1
| #define HAVE_SYS_TIME_H 1
| #define HAVE__BOOL 1
| #define HAVE_STDBOOL_H 1
| /* end confdefs.h.  */
| #include <stdio.h>
| #ifdef HAVE_SYS_TYPES_H
| # include <sys/types.h>
| #endif
| #ifdef HAVE_SYS_STAT_H
| # include <sys/stat.h>
| #endif
| #ifdef STDC_HEADERS
| # include <stdlib.h>
| # include <stddef.h>
| #else
| # ifdef HAVE_STDLIB_H
| #  include <stdlib.h>
| # endif
| #endif
| #ifdef HAVE_STRING_H
| # if !defined STDC_HEADERS && defined HAVE_MEMORY_H
| #  include <memory.h>
| # endif
| # include <string.h>
| #endif
| #ifdef HAVE_STRINGS_H
| # include <strings.h>
| #endif
| #ifdef HAVE_INTTYPES_H
| # include <inttypes.h>
| #endif
| #ifdef HAVE_STDINT_H
| # include <stdint.h>
| #endif
| #ifdef HAVE_UNISTD_H
| # include <unistd.h>
| #endif
| int
| main ()
| {
| if (sizeof ((size_t)))
| 	  return 0;
|   ;
|   return 0;
| }
configure:5444: result: yes
configure:5456: checking whether time.h and sys/time.h may both be included
configure:5486: gcc -c -g -O2  conftest.c >&5
configure:5493: $? = 0
configure:5508: result: yes
configure:5518: checking whether struct tm is in sys/time.h or time.h
configure:5548: gcc -c -g -O2  conftest.c >&5
configure:5555: $? = 0
configure:5570: result: time.h
configure:5580: checking for working volatile
configure:5609: gcc -c -g -O2  conftest.c >&5
configure:5616: $? = 0
configure:5631: result: yes
configure:5644: checking for error_at_line
configure:5670: gcc -o conftest -g -O2  -Wall -Wextra -DMUDUO_STD_STRING -D_REENTRANT -D_GNU_SOURCE -g -ggdb  conftest.c -lpthread  >&5
configure:5677: $? = 0
configure:5697: result: yes
configure:5712: checking for memset
configure:5768: gcc -o conftest -g -O2  -Wall -Wextra -DMUDUO_STD_STRING -D_REENTRANT -D_GNU_SOURCE -g -ggdb  conftest.c -lpthread  >&5
conftest.c:51: warning: conflicting types for built-in function 'memset'
configure:5775: $? = 0
configure:5797: result: yes
configure:5943: creating ./config.status

## ---------------------- ##
## Running config.status. ##
## ---------------------- ##

This file was extended by MobileComputationService config.status 0.1, which was
generated by GNU Autoconf 2.63.  Invocation command line was

  CONFIG_FILES    = 
  CONFIG_HEADERS  = 
  CONFIG_LINKS    = 
  CONFIG_COMMANDS = 
  $ ./config.status 

on dev161

config.status:800: creating Makefile
config.status:800: creating src/Makefile
config.status:800: creating src/common/Makefile
config.status:800: creating src/common/pubsub/Makefile
config.status:800: creating src/common/log/Makefile
config.status:800: creating src/common/commdef/Makefile
config.status:800: creating src/common/protobuf/Makefile
config.status:800: creating src/common/sketchhbase/Makefile
config.status:800: creating src/configserver/Makefile
config.status:800: creating src/common/hbaseclient/Makefile
config.status:800: creating share/Makefile
config.status:800: creating test/Makefile
config.status:800: creating test/simpletest/Makefile
config.status:800: creating src/core/Makefile
config.status:800: creating config.h
config.status:1022: config.h is unchanged
config.status:1074: executing depfiles commands

## ---------------- ##
## Cache variables. ##
## ---------------- ##

ac_cv_c_compiler_gnu=yes
ac_cv_c_const=yes
ac_cv_c_inline=inline
ac_cv_c_volatile=yes
ac_cv_cxx_compiler_gnu=yes
ac_cv_env_CCC_set=
ac_cv_env_CCC_value=
ac_cv_env_CC_set=
ac_cv_env_CC_value=
ac_cv_env_CFLAGS_set=
ac_cv_env_CFLAGS_value=
ac_cv_env_CPPFLAGS_set=
ac_cv_env_CPPFLAGS_value=
ac_cv_env_CPP_set=
ac_cv_env_CPP_value=
ac_cv_env_CXXFLAGS_set=
ac_cv_env_CXXFLAGS_value=
ac_cv_env_CXX_set=
ac_cv_env_CXX_value=
ac_cv_env_LDFLAGS_set=
ac_cv_env_LDFLAGS_value=
ac_cv_env_LIBS_set=
ac_cv_env_LIBS_value=
ac_cv_env_build_alias_set=
ac_cv_env_build_alias_value=
ac_cv_env_host_alias_set=
ac_cv_env_host_alias_value=
ac_cv_env_target_alias_set=
ac_cv_env_target_alias_value=
ac_cv_func_memset=yes
ac_cv_header_inttypes_h=yes
ac_cv_header_limits_h=yes
ac_cv_header_memory_h=yes
ac_cv_header_stdbool_h=yes
ac_cv_header_stdc=yes
ac_cv_header_stdint_h=yes
ac_cv_header_stdlib_h=yes
ac_cv_header_string_h=yes
ac_cv_header_strings_h=yes
ac_cv_header_sys_stat_h=yes
ac_cv_header_sys_time_h=yes
ac_cv_header_sys_types_h=yes
ac_cv_header_time=yes
ac_cv_header_unistd_h=yes
ac_cv_lib_error_at_line=yes
ac_cv_lib_pthread_pthread_create=yes
ac_cv_objext=o
ac_cv_path_EGREP='/bin/grep -E'
ac_cv_path_GREP=/bin/grep
ac_cv_path_install='/usr/bin/install -c'
ac_cv_path_mkdir=/bin/mkdir
ac_cv_prog_AWK=gawk
ac_cv_prog_CPP='gcc -E'
ac_cv_prog_ac_ct_CC=gcc
ac_cv_prog_ac_ct_CXX=g++
ac_cv_prog_ac_ct_RANLIB=ranlib
ac_cv_prog_cc_c89=
ac_cv_prog_cc_g=yes
ac_cv_prog_cxx_g=yes
ac_cv_prog_make_make_set=yes
ac_cv_struct_tm=time.h
ac_cv_type__Bool=yes
ac_cv_type_size_t=yes
am_cv_CC_dependencies_compiler_type=gcc3
am_cv_CXX_dependencies_compiler_type=gcc3

## ----------------- ##
## Output variables. ##
## ----------------- ##

ACLOCAL='${SHELL} /home/zhengyang/running/demo_hummer/missing --run aclocal-1.11'
AMDEPBACKSLASH='\'
AMDEP_FALSE='#'
AMDEP_TRUE=''
AMTAR='${SHELL} /home/zhengyang/running/demo_hummer/missing --run tar'
AUTOCONF='${SHELL} /home/zhengyang/running/demo_hummer/missing --run autoconf'
AUTOHEADER='${SHELL} /home/zhengyang/running/demo_hummer/missing --run autoheader'
AUTOMAKE='${SHELL} /home/zhengyang/running/demo_hummer/missing --run automake-1.11'
AWK='gawk'
CC='gcc'
CCDEPMODE='depmode=gcc3'
CFLAGS='-g -O2'
CPP='gcc -E'
CPPFLAGS=' -Wall -Wextra -DMUDUO_STD_STRING -D_REENTRANT -D_GNU_SOURCE -g -ggdb'
CXX='g++'
CXXDEPMODE='depmode=gcc3'
CXXFLAGS='-g -O2'
CYGPATH_W='echo'
DEFS='-DHAVE_CONFIG_H'
DEPDIR='.deps'
ECHO_C=''
ECHO_N='-n'
ECHO_T=''
EGREP='/bin/grep -E'
EXEEXT=''
GREP='/bin/grep'
INSTALL_DATA='${INSTALL} -m 644'
INSTALL_PROGRAM='${INSTALL}'
INSTALL_SCRIPT='${INSTALL}'
INSTALL_STRIP_PROGRAM='$(install_sh) -c -s'
LDFLAGS=''
LIBOBJS=''
LIBS='-lpthread '
LTLIBOBJS=''
MAKEINFO='${SHELL} /home/zhengyang/running/demo_hummer/missing --run makeinfo'
MKDIR_P='/bin/mkdir -p'
OBJEXT='o'
PACKAGE='msc'
PACKAGE_BUGREPORT='www.taotaosou.com'
PACKAGE_NAME='MobileComputationService'
PACKAGE_STRING='MobileComputationService 0.1'
PACKAGE_TARNAME='mobilecomputationservice'
PACKAGE_VERSION='0.1'
PATH_SEPARATOR=':'
RANLIB='ranlib'
SET_MAKE=''
SHELL='/bin/sh'
STRIP=''
VERSION='0.1'
ac_ct_CC='gcc'
ac_ct_CXX='g++'
am__EXEEXT_FALSE=''
am__EXEEXT_TRUE='#'
am__fastdepCC_FALSE='#'
am__fastdepCC_TRUE=''
am__fastdepCXX_FALSE='#'
am__fastdepCXX_TRUE=''
am__include='include'
am__isrc=''
am__leading_dot='.'
am__quote=''
am__tar='${AMTAR} chof - "$$tardir"'
am__untar='${AMTAR} xf -'
bindir='${exec_prefix}/bin'
build_alias=''
datadir='${datarootdir}'
datarootdir='${prefix}/share'
docdir='${datarootdir}/doc/${PACKAGE_TARNAME}'
dvidir='${docdir}'
exec_prefix='${prefix}'
host_alias=''
htmldir='${docdir}'
includedir='${prefix}/include'
infodir='${datarootdir}/info'
install_sh='${SHELL} /home/zhengyang/running/demo_hummer/install-sh'
libdir='${exec_prefix}/lib'
libexecdir='${exec_prefix}/libexec'
localedir='${datarootdir}/locale'
localstatedir='${prefix}/var'
mandir='${datarootdir}/man'
mkdir_p='/bin/mkdir -p'
oldincludedir='/usr/include'
pdfdir='${docdir}'
prefix='/home/zhengyang/local'
program_transform_name='s,x,x,'
psdir='${docdir}'
sbindir='${exec_prefix}/sbin'
sharedstatedir='${prefix}/com'
sysconfdir='${prefix}/etc'
target_alias=''

## ----------- ##
## confdefs.h. ##
## ----------- ##

#define PACKAGE_NAME "MobileComputationService"
#define PACKAGE_TARNAME "mobilecomputationservice"
#define PACKAGE_VERSION "0.1"
#define PACKAGE_STRING "MobileComputationService 0.1"
#define PACKAGE_BUGREPORT "www.taotaosou.com"
#define PACKAGE "msc"
#define VERSION "0.1"
#define HAVE_LIBPTHREAD 1
#define STDC_HEADERS 1
#define HAVE_SYS_TYPES_H 1
#define HAVE_SYS_STAT_H 1
#define HAVE_STDLIB_H 1
#define HAVE_STRING_H 1
#define HAVE_MEMORY_H 1
#define HAVE_STRINGS_H 1
#define HAVE_INTTYPES_H 1
#define HAVE_STDINT_H 1
#define HAVE_UNISTD_H 1
#define HAVE_LIMITS_H 1
#define HAVE_STDLIB_H 1
#define HAVE_STRING_H 1
#define HAVE_SYS_TIME_H 1
#define HAVE__BOOL 1
#define HAVE_STDBOOL_H 1
#define TIME_WITH_SYS_TIME 1
#define HAVE_MEMSET 1

configure: exit 0
